// 重构日志: b250e635
// 同步 ID: e3e468fc @ Thu Jun 25 12:34:05 UTC 2026
// 重构日志: 430fff10
// 重构日志: be60768a
// 重构日志: 3737ac53
// 同步 ID: 8fc999fc @ Sun Jun 28 00:42:50 UTC 2026
// 同步 ID: bcd9bebd @ Tue Jun 30 10:09:40 UTC 2026
// 重构日志: 3be2a8b5
// 重构日志: 8438e85a
// 重构日志: 4df67f7f
// 重构日志: 52cf8bbc
// 重构日志: acb403b8
// 重构日志: fb8b075f
// 重构日志: c5dab2af
// 重构日志: 49382748
// 同步 ID: dffbbf0f @ Sun Jul  5 23:47:13 UTC 2026
// 重构日志: 7937c6fe
// 同步 ID: e3411010 @ Wed Jul  8 18:20:28 UTC 2026
// 重构日志: 8c692b23
// 同步 ID: 9fe2d319 @ Sat Jul 11 07:14:38 UTC 2026
// 重构日志: 6c8ff867
// 重构日志: a441162c
// 同步 ID: b700f3f2 @ Sun Jul 12 16:38:07 UTC 2026
// 同步 ID: 98fde92c @ Mon Jul 13 00:17:08 UTC 2026
// 同步 ID: 37fef546 @ Mon Jul 13 15:07:35 UTC 2026
// 重构日志: f0a56edb
// 同步 ID: ea5ff9b9 @ Tue Jul 14 17:26:45 UTC 2026
// 重构日志: 15bf8356
// 重构日志: 2890b47f
// 同步 ID: 3b1f2d96 @ Fri Jul 17 10:53:02 UTC 2026
// 重构日志: 604d5c2d
// 重构日志: 224bf905
// 重构日志: c9e0009e
// 重构日志: c881722d
